<?xml version="1.0" encoding="UTF-8"?>
<!-- Generated by org.testng.reporters.JUnitXMLReporter -->
<testsuite ignored="2" hostname="DESKTOP-AGBCM7S" failures="0" tests="5" name="Testedge" time="0.625" errors="0" timestamp="2020-07-28T19:18:53 PDT">
  <testcase classname="com.flipkart.qa.base.TestBase" name="@BeforeTest initializeDriver" time="0.589">
    <failure type="org.openqa.selenium.SessionNotCreatedException" message="session not created: No matching capabilities found
Build info: version: &amp;apos;4.0.0-alpha-6&amp;apos;, revision: &amp;apos;5f43a29cfc&amp;apos;
System info: host: &amp;apos;DESKTOP-AGBCM7S&amp;apos;, ip: &amp;apos;192.168.1.100&amp;apos;, os.name: &amp;apos;Windows 10&amp;apos;, os.arch: &amp;apos;amd64&amp;apos;, os.version: &amp;apos;10.0&amp;apos;, java.version: &amp;apos;14&amp;apos;
Driver info: driver.version: EdgeDriver
remote stacktrace: Backtrace:
	Ordinal0 [0x00007FF7386279B2+1735090]
	Ordinal0 [0x00007FF73858CAD2+1100498]
	Ordinal0 [0x00007FF738517EBF+622271]
	Ordinal0 [0x00007FF7384B93AA+234410]
	Ordinal0 [0x00007FF7384B9A23+236067]
	Ordinal0 [0x00007FF7384B79CF+227791]
	Ordinal0 [0x00007FF738499BC7+105415]
	Ordinal0 [0x00007FF73849B2CE+111310]
	GetHandleVerifier [0x00007FF7387BA387+1471111]
	GetHandleVerifier [0x00007FF7386E849A+611226]
	GetHandleVerifier [0x00007FF7386E8211+610577]
	Ordinal0 [0x00007FF738636BFC+1797116]
	GetHandleVerifier [0x00007FF7386E8C56+613206]
	Ordinal0 [0x00007FF7385A680E+1206286]
	Ordinal0 [0x00007FF7385B3F5C+1261404]
	Ordinal0 [0x00007FF7385B2DDD+1256925]
	BaseThreadInitThunk [0x00007FFA28FE7BD4+20]
	RtlUserThreadStart [0x00007FFA2AD0CE51+33]
">
      <![CDATA[org.openqa.selenium.SessionNotCreatedException: session not created: No matching capabilities found
Build info: version: '4.0.0-alpha-6', revision: '5f43a29cfc'
System info: host: 'DESKTOP-AGBCM7S', ip: '192.168.1.100', os.name: 'Windows 10', os.arch: 'amd64', os.version: '10.0', java.version: '14'
Driver info: driver.version: EdgeDriver
remote stacktrace: Backtrace:
Ordinal0 [0x00007FF7386279B2+1735090]
Ordinal0 [0x00007FF73858CAD2+1100498]
Ordinal0 [0x00007FF738517EBF+622271]
Ordinal0 [0x00007FF7384B93AA+234410]
Ordinal0 [0x00007FF7384B9A23+236067]
Ordinal0 [0x00007FF7384B79CF+227791]
Ordinal0 [0x00007FF738499BC7+105415]
Ordinal0 [0x00007FF73849B2CE+111310]
GetHandleVerifier [0x00007FF7387BA387+1471111]
GetHandleVerifier [0x00007FF7386E849A+611226]
GetHandleVerifier [0x00007FF7386E8211+610577]
Ordinal0 [0x00007FF738636BFC+1797116]
GetHandleVerifier [0x00007FF7386E8C56+613206]
Ordinal0 [0x00007FF7385A680E+1206286]
Ordinal0 [0x00007FF7385B3F5C+1261404]
Ordinal0 [0x00007FF7385B2DDD+1256925]
BaseThreadInitThunk [0x00007FFA28FE7BD4+20]
RtlUserThreadStart [0x00007FFA2AD0CE51+33]

at org.openqa.selenium.remote.W3CHandshakeResponse.lambda$errorHandler$0(W3CHandshakeResponse.java:62)
at org.openqa.selenium.remote.HandshakeResponse.lambda$getResponseFunction$0(HandshakeResponse.java:30)
at org.openqa.selenium.remote.ProtocolHandshake.lambda$createSession$1(ProtocolHandshake.java:126)
at java.base/java.util.stream.ReferencePipeline$3$1.accept(ReferencePipeline.java:195)
at java.base/java.util.Spliterators$ArraySpliterator.tryAdvance(Spliterators.java:958)
at java.base/java.util.stream.ReferencePipeline.forEachWithCancel(ReferencePipeline.java:127)
at java.base/java.util.stream.AbstractPipeline.copyIntoWithCancel(AbstractPipeline.java:502)
at java.base/java.util.stream.AbstractPipeline.copyInto(AbstractPipeline.java:488)
at java.base/java.util.stream.AbstractPipeline.wrapAndCopyInto(AbstractPipeline.java:474)
at java.base/java.util.stream.FindOps$FindOp.evaluateSequential(FindOps.java:150)
at java.base/java.util.stream.AbstractPipeline.evaluate(AbstractPipeline.java:234)
at java.base/java.util.stream.ReferencePipeline.findFirst(ReferencePipeline.java:543)
at org.openqa.selenium.remote.ProtocolHandshake.createSession(ProtocolHandshake.java:128)
at org.openqa.selenium.remote.ProtocolHandshake.createSession(ProtocolHandshake.java:75)
at org.openqa.selenium.remote.HttpCommandExecutor.execute(HttpCommandExecutor.java:138)
at org.openqa.selenium.remote.service.DriverCommandExecutor.execute(DriverCommandExecutor.java:83)
at org.openqa.selenium.remote.RemoteWebDriver.execute(RemoteWebDriver.java:582)
at org.openqa.selenium.remote.RemoteWebDriver.startSession(RemoteWebDriver.java:216)
at org.openqa.selenium.remote.RemoteWebDriver.<init>(RemoteWebDriver.java:136)
at org.openqa.selenium.chromium.ChromiumDriver.<init>(ChromiumDriver.java:75)
at org.openqa.selenium.edge.EdgeDriver.<init>(EdgeDriver.java:111)
at org.openqa.selenium.edge.EdgeDriver.<init>(EdgeDriver.java:103)
at org.openqa.selenium.edge.EdgeDriver.<init>(EdgeDriver.java:100)
at com.flipkart.qa.base.TestBase.initializeDriver(TestBase.java:64)
... Removed 29 stack frames]]>
    </failure>
  </testcase> <!-- @BeforeTest initializeDriver -->
  <testcase classname="com.flipkart.qa.testclasses.AddToCartPageTest" name="@BeforeMethod setUp" time="-1.595989133211E9">
    <skipped/>
  </testcase> <!-- @BeforeMethod setUp -->
  <testcase classname="com.flipkart.qa.testclasses.LogoutPageTest" name="@BeforeMethod setUp" time="-1.595989133217E9">
    <skipped/>
  </testcase> <!-- @BeforeMethod setUp -->
  <testcase classname="com.flipkart.qa.testclasses.LogoutPageTest" name="@BeforeMethod setUp" time="-1.595989133225E9">
    <skipped/>
  </testcase> <!-- @BeforeMethod setUp -->
  <testcase classname="com.flipkart.qa.testclasses.HomePageTest" name="Login" time="0.0">
    <skipped/>
  </testcase> <!-- Login -->
  <testcase classname="com.flipkart.qa.testclasses.HomePageTest" name="verifyHomePageLabelTest" time="0.0">
    <skipped/>
  </testcase> <!-- verifyHomePageLabelTest -->
  <testcase classname="com.flipkart.qa.testclasses.AddToCartPageTest" name="AddToCartTest" time="0.0">
    <skipped/>
  </testcase> <!-- AddToCartTest -->
  <testcase classname="com.flipkart.qa.testclasses.LogoutPageTest" name="LogoutTest" time="0.0">
    <skipped/>
  </testcase> <!-- LogoutTest -->
  <testcase classname="com.flipkart.qa.testclasses.LogoutPageTest" name="TearDown" time="0.0">
    <skipped/>
  </testcase> <!-- TearDown -->
  <testcase classname="com.flipkart.qa.base.TestBase" name="@BeforeTest initializeDriver" time="0.0">
    <ignored/>
  </testcase> <!-- @BeforeTest initializeDriver -->
  <testcase classname="com.flipkart.qa.base.TestBase" name="@BeforeTest initializeDriver" time="0.0">
    <ignored/>
  </testcase> <!-- @BeforeTest initializeDriver -->
</testsuite> <!-- Testedge -->
